2025-12-23 14:17:18 - worldinsights - INFO - create_app.py:76 - WorldInsights application starting in development mode
2025-12-23 14:17:18 - worldinsights - INFO - create_app.py:163 - WorldInsights application initialized successfully
2025-12-23 14:17:18 - worldinsights - INFO - create_app.py:76 - WorldInsights application starting in testing mode
2025-12-23 14:17:18 - worldinsights - INFO - create_app.py:163 - WorldInsights application initialized successfully
2025-12-23 14:17:18 - worldinsights - INFO - create_app.py:76 - WorldInsights application starting in development mode
2025-12-23 14:17:18 - worldinsights - INFO - create_app.py:163 - WorldInsights application initialized successfully
2025-12-23 14:17:18 - worldinsights - INFO - create_app.py:76 - WorldInsights application starting in development mode
2025-12-23 14:17:18 - worldinsights - INFO - create_app.py:163 - WorldInsights application initialized successfully
2025-12-23 14:17:18 - worldinsights - INFO - create_app.py:76 - WorldInsights application starting in development mode
2025-12-23 14:17:18 - worldinsights - INFO - create_app.py:163 - WorldInsights application initialized successfully
2025-12-23 14:17:18 - worldinsights - INFO - create_app.py:76 - WorldInsights application starting in development mode
2025-12-23 14:17:18 - worldinsights - INFO - create_app.py:163 - WorldInsights application initialized successfully
2025-12-23 14:17:18 - worldinsights - INFO - create_app.py:76 - WorldInsights application starting in development mode
2025-12-23 14:17:18 - worldinsights - INFO - create_app.py:163 - WorldInsights application initialized successfully
2025-12-23 14:17:18 - worldinsights - INFO - create_app.py:76 - WorldInsights application starting in development mode
2025-12-23 14:17:18 - worldinsights - INFO - create_app.py:163 - WorldInsights application initialized successfully
2025-12-23 14:17:18 - worldinsights - INFO - create_app.py:76 - WorldInsights application starting in development mode
2025-12-23 14:17:18 - worldinsights - INFO - create_app.py:163 - WorldInsights application initialized successfully
2025-12-23 14:17:18 - worldinsights - INFO - create_app.py:76 - WorldInsights application starting in development mode
2025-12-23 14:17:18 - worldinsights - INFO - create_app.py:163 - WorldInsights application initialized successfully
2025-12-23 14:17:18 - worldinsights - INFO - create_app.py:76 - WorldInsights application starting in development mode
2025-12-23 14:17:18 - worldinsights - INFO - create_app.py:163 - WorldInsights application initialized successfully
2025-12-23 14:17:18 - worldinsights - INFO - create_app.py:76 - WorldInsights application starting in development mode
2025-12-23 14:17:18 - worldinsights - INFO - create_app.py:163 - WorldInsights application initialized successfully
2025-12-23 14:17:18 - worldinsights - INFO - create_app.py:76 - WorldInsights application starting in testing mode
2025-12-23 14:17:18 - worldinsights - INFO - create_app.py:163 - WorldInsights application initialized successfully
2025-12-23 14:17:37 - worldinsights - INFO - create_app.py:76 - WorldInsights application starting in testing mode
2025-12-23 14:17:37 - worldinsights - INFO - create_app.py:163 - WorldInsights application initialized successfully
2025-12-23 14:17:37 - worldinsights - INFO - create_app.py:76 - WorldInsights application starting in production mode
2025-12-23 14:17:37 - worldinsights - INFO - create_app.py:163 - WorldInsights application initialized successfully
2025-12-23 14:17:37 - worldinsights - INFO - create_app.py:76 - WorldInsights application starting in production mode
2025-12-23 14:17:37 - worldinsights - INFO - create_app.py:163 - WorldInsights application initialized successfully
2025-12-23 14:17:37 - worldinsights - INFO - create_app.py:76 - WorldInsights application starting in production mode
2025-12-23 14:17:37 - worldinsights - INFO - create_app.py:163 - WorldInsights application initialized successfully
2025-12-23 14:17:37 - worldinsights - INFO - create_app.py:76 - WorldInsights application starting in production mode
2025-12-23 14:17:37 - worldinsights - INFO - create_app.py:163 - WorldInsights application initialized successfully
2025-12-23 14:17:37 - worldinsights - INFO - create_app.py:76 - WorldInsights application starting in production mode
2025-12-23 14:17:37 - worldinsights - INFO - create_app.py:163 - WorldInsights application initialized successfully
2025-12-23 14:17:37 - worldinsights - INFO - create_app.py:76 - WorldInsights application starting in production mode
2025-12-23 14:17:37 - worldinsights - INFO - create_app.py:163 - WorldInsights application initialized successfully
2025-12-23 14:17:37 - worldinsights - INFO - create_app.py:76 - WorldInsights application starting in production mode
2025-12-23 14:17:37 - worldinsights - INFO - create_app.py:163 - WorldInsights application initialized successfully
2025-12-23 14:17:37 - worldinsights - INFO - create_app.py:76 - WorldInsights application starting in production mode
2025-12-23 14:17:37 - worldinsights - INFO - create_app.py:163 - WorldInsights application initialized successfully
2025-12-23 14:17:37 - worldinsights - INFO - create_app.py:76 - WorldInsights application starting in production mode
2025-12-23 14:17:37 - worldinsights - INFO - create_app.py:163 - WorldInsights application initialized successfully
2025-12-23 14:17:37 - worldinsights - INFO - create_app.py:76 - WorldInsights application starting in production mode
2025-12-23 14:17:37 - worldinsights - INFO - create_app.py:163 - WorldInsights application initialized successfully
2025-12-23 14:17:37 - worldinsights - INFO - create_app.py:76 - WorldInsights application starting in testing mode
2025-12-23 14:17:37 - worldinsights - INFO - create_app.py:163 - WorldInsights application initialized successfully
2025-12-23 14:17:56 - worldinsights - INFO - create_app.py:76 - WorldInsights application starting in production mode
2025-12-23 14:17:56 - worldinsights - INFO - create_app.py:163 - WorldInsights application initialized successfully
2025-12-23 14:17:56 - worldinsights - INFO - create_app.py:76 - WorldInsights application starting in testing mode
2025-12-23 14:17:56 - worldinsights - INFO - create_app.py:163 - WorldInsights application initialized successfully
2025-12-23 14:17:56 - worldinsights - INFO - create_app.py:76 - WorldInsights application starting in production mode
2025-12-23 14:17:56 - worldinsights - INFO - create_app.py:163 - WorldInsights application initialized successfully
2025-12-23 14:17:56 - worldinsights - INFO - create_app.py:76 - WorldInsights application starting in production mode
2025-12-23 14:17:56 - worldinsights - INFO - create_app.py:163 - WorldInsights application initialized successfully
2025-12-23 14:17:56 - worldinsights - INFO - create_app.py:76 - WorldInsights application starting in production mode
2025-12-23 14:17:56 - worldinsights - INFO - create_app.py:163 - WorldInsights application initialized successfully
2025-12-23 14:17:56 - worldinsights - INFO - create_app.py:76 - WorldInsights application starting in production mode
2025-12-23 14:17:56 - worldinsights - INFO - create_app.py:163 - WorldInsights application initialized successfully
2025-12-23 14:17:56 - worldinsights - INFO - create_app.py:76 - WorldInsights application starting in production mode
2025-12-23 14:17:56 - worldinsights - INFO - create_app.py:163 - WorldInsights application initialized successfully
2025-12-23 14:17:56 - worldinsights - INFO - create_app.py:76 - WorldInsights application starting in production mode
2025-12-23 14:17:56 - worldinsights - INFO - create_app.py:163 - WorldInsights application initialized successfully
2025-12-23 14:17:56 - worldinsights - INFO - create_app.py:76 - WorldInsights application starting in production mode
2025-12-23 14:17:56 - worldinsights - INFO - create_app.py:163 - WorldInsights application initialized successfully
2025-12-23 14:17:56 - worldinsights - INFO - create_app.py:76 - WorldInsights application starting in production mode
2025-12-23 14:17:56 - worldinsights - INFO - create_app.py:163 - WorldInsights application initialized successfully
2025-12-23 14:17:56 - worldinsights - INFO - create_app.py:76 - WorldInsights application starting in production mode
2025-12-23 14:17:56 - worldinsights - INFO - create_app.py:163 - WorldInsights application initialized successfully
2025-12-23 14:17:56 - worldinsights - INFO - create_app.py:76 - WorldInsights application starting in production mode
2025-12-23 14:17:56 - worldinsights - INFO - create_app.py:163 - WorldInsights application initialized successfully
2025-12-23 14:17:56 - worldinsights - INFO - create_app.py:76 - WorldInsights application starting in testing mode
2025-12-23 14:17:56 - worldinsights - INFO - create_app.py:163 - WorldInsights application initialized successfully
2025-12-23 14:29:00 - worldinsights - INFO - create_app.py:76 - WorldInsights application starting in development mode
2025-12-23 14:29:00 - worldinsights - INFO - create_app.py:163 - WorldInsights application initialized successfully
2025-12-23 14:29:40 - worldinsights - INFO - create_app.py:76 - WorldInsights application starting in development mode
2025-12-23 14:29:40 - worldinsights - INFO - create_app.py:163 - WorldInsights application initialized successfully
2025-12-23 14:32:38 - worldinsights - INFO - create_app.py:76 - WorldInsights application starting in development mode
2025-12-23 14:32:38 - worldinsights - INFO - create_app.py:163 - WorldInsights application initialized successfully
2025-12-23 14:32:38 - worldinsights - INFO - create_app.py:76 - WorldInsights application starting in development mode
2025-12-23 14:32:38 - worldinsights - INFO - create_app.py:163 - WorldInsights application initialized successfully
2025-12-23 14:37:27 - worldinsights - INFO - create_app.py:76 - WorldInsights application starting in development mode
2025-12-23 14:37:27 - worldinsights - INFO - create_app.py:155 - WorldInsights application initialized successfully
2025-12-23 14:37:28 - worldinsights - INFO - create_app.py:76 - WorldInsights application starting in development mode
2025-12-23 14:37:28 - worldinsights - INFO - create_app.py:155 - WorldInsights application initialized successfully
2025-12-23 14:37:37 - worldinsights - INFO - create_app.py:76 - WorldInsights application starting in development mode
2025-12-23 14:37:37 - worldinsights - INFO - create_app.py:155 - WorldInsights application initialized successfully
2025-12-23 14:37:45 - worldinsights - INFO - create_app.py:76 - WorldInsights application starting in development mode
2025-12-23 14:37:45 - worldinsights - INFO - create_app.py:155 - WorldInsights application initialized successfully
2025-12-23 14:37:46 - worldinsights - INFO - create_app.py:76 - WorldInsights application starting in development mode
2025-12-23 14:37:46 - worldinsights - INFO - create_app.py:155 - WorldInsights application initialized successfully
2025-12-23 16:52:41 - worldinsights - INFO - create_app.py:76 - WorldInsights application starting in development mode
2025-12-23 16:52:41 - worldinsights - INFO - create_app.py:155 - WorldInsights application initialized successfully
2025-12-23 16:52:41 - worldinsights - INFO - create_app.py:76 - WorldInsights application starting in development mode
2025-12-23 16:52:41 - worldinsights - INFO - create_app.py:155 - WorldInsights application initialized successfully
2025-12-23 16:56:59 - worldinsights - INFO - create_app.py:80 - WorldInsights application starting in development mode
2025-12-23 16:57:28 - worldinsights - INFO - create_app.py:80 - WorldInsights application starting in development mode
2025-12-23 16:57:58 - worldinsights - INFO - create_app.py:80 - WorldInsights application starting in development mode
2025-12-23 16:58:18 - worldinsights - INFO - create_app.py:80 - WorldInsights application starting in development mode
2025-12-23 16:59:03 - worldinsights - INFO - create_app.py:80 - WorldInsights application starting in development mode
2025-12-23 16:59:26 - worldinsights - INFO - create_app.py:80 - WorldInsights application starting in development mode
2025-12-23 17:18:17 - worldinsights - INFO - create_app.py:80 - WorldInsights application starting in development mode
2025-12-23 17:18:41 - worldinsights - INFO - create_app.py:80 - WorldInsights application starting in development mode
2025-12-23 17:18:41 - worldinsights.database - INFO - database.py:25 - Database tables created successfully
2025-12-23 17:18:41 - worldinsights.database - INFO - database.py:59 - Default admin user created successfully
2025-12-23 17:18:41 - worldinsights.database - INFO - database.py:60 - Admin credentials - Email: admin@worldinsights.com, Password: Tahaxaina@1
2025-12-23 17:18:41 - worldinsights - INFO - create_app.py:183 - WorldInsights application initialized successfully
2025-12-23 17:18:48 - worldinsights - INFO - create_app.py:80 - WorldInsights application starting in development mode
2025-12-23 17:18:48 - worldinsights.database - INFO - database.py:25 - Database tables created successfully
2025-12-23 17:18:48 - worldinsights.database - INFO - database.py:62 - Admin user already exists
2025-12-23 17:18:48 - worldinsights - INFO - create_app.py:183 - WorldInsights application initialized successfully
2025-12-23 17:18:49 - worldinsights - INFO - create_app.py:80 - WorldInsights application starting in development mode
2025-12-23 17:18:49 - worldinsights.database - INFO - database.py:25 - Database tables created successfully
2025-12-23 17:18:49 - worldinsights.database - INFO - database.py:62 - Admin user already exists
2025-12-23 17:18:49 - worldinsights - INFO - create_app.py:183 - WorldInsights application initialized successfully
2025-12-23 17:19:34 - worldinsights.auth_service - INFO - auth_service.py:174 - User authenticated: admin
